C51 COMPILER V9.01   MAIN                                                                  12/09/2023 15:07:54 PAGE 1   


C51 COMPILER V9.01, COMPILATION OF MODULE MAIN
OBJECT MODULE PLACED IN Main.OBJ
COMPILER INVOKED BY: C:\Keil\C51\BIN\C51.EXE Main.c BROWSE DEBUG OBJECTEXTEND

line level    source

   1          
   2          #include <STC8G.H>
   3          #include "intrins.H"
   4          #define u8 unsigned char
   5          #define u16 unsigned int
   6          sbit m1_0=P3^4;
   7          sbit m1_1=P3^5;
   8          sbit m2_0=P3^6;
   9          sbit m2_1=P3^7;
  10          sbit m3_0=P1^0;
  11          sbit m3_1=P1^1;
  12          sbit m4_0=P1^6;
  13          sbit m4_1=P1^7;
  14          sbit INT0 = P3^2;
  15          sbit INT1 = P3^3;
  16          u8 speed = 0;
  17          u8 i = 0;
  18          
  19          
  20          //void delay(unsigned int time)
  21          //{
  22          //    unsigned int i, j;
  23          //    for (i = 0; i < time; i++)
  24          //        for (j = 0; j < 120; j++);
  25          //}
  26          //
  27          //void Delay20ms()              //@12.000MHz
  28          //{
  29          //      unsigned char data i, j, k;
  30          //
  31          //      i = 2;
  32          //      j = 56;
  33          //      k = 172;
  34          //      do
  35          //      {
  36          //              do
  37          //              {
  38          //                      while (--k);
  39          //              } while (--j);
  40          //      } while (--i);
  41          //}
  42          //
  43          //
  44          //
  45          void CD()
  46          {
  47   1              m1_0 = 0;
  48   1              m2_0 = 0;
  49   1              m3_0 = 0;
  50   1              m4_0 = 0;
  51   1              m1_1 = 0;
  52   1              m2_1 = 0;
  53   1              m3_1 = 0;
  54   1              m4_1 = 0;
  55   1      }
C51 COMPILER V9.01   MAIN                                                                  12/09/2023 15:07:54 PAGE 2   

  56          
  57          void Delay1000ms()              //@12.000MHz
  58          {
  59   1              unsigned char data i, j, k;
  60   1      
  61   1              _nop_();
  62   1              _nop_();
  63   1              i = 61;
  64   1              j = 225;
  65   1              k = 62;
  66   1              do
  67   1              {
  68   2                      do
  69   2                      {
  70   3                              while (--k);
  71   3                      } while (--j);
  72   2              } while (--i);
  73   1      }
  74          
  75          
  76          
  77          void wheel_1(unsigned char i)
  78          {
  79   1              m1_0 = i;
  80   1              m1_1 = !i;
  81   1      }
  82          void wheel_2(unsigned char i)
  83          {
  84   1              m2_0 = i;
  85   1              m2_1 = !i;
  86   1      }
  87          void wheel_3(unsigned char i)
  88          {
  89   1              m4_0 = i;
  90   1              m4_1 = !i;
  91   1      }
  92          void wheel_4(unsigned char i)
  93          {
  94   1              m3_0 = i;
  95   1              m3_1 = !i;
  96   1      }
  97          
  98          void run_mode(unsigned char w1,unsigned char w2,unsigned char w3,unsigned char w4)
  99          {
 100   1              CD();
 101   1              wheel_1(w1);
 102   1              wheel_2(w2);
 103   1              wheel_3(w3);
 104   1              wheel_4(w4);
 105   1      }
 106          
 107          void Timer0_Init(void)          //8毫秒@12.000MHz
 108          {
 109   1              EA=1;
 110   1              ET0=1;
 111   1              AUXR &= 0x7F;                   //定时器时钟12T模式
 112   1              TMOD &= 0xF0;                   //设置定时器模式
 113   1              TL0 = 0xC0;                             //设置定时初始值
 114   1              TH0 = 0xE0;                             //设置定时初始值
 115   1              TF0 = 0;                                //清除TF0标志
 116   1              TR0 = 1;                                //定时器0开始计时
 117   1      }
C51 COMPILER V9.01   MAIN                                                                  12/09/2023 15:07:54 PAGE 3   

 118          
 119          
 120          
 121          
 122          void main()
 123          {
 124   1              
 125   1              P1M0=0X00;P1M1=0X00;    //设置I/O
 126   1              P3M0=0X00;P3M1=0X00;
 127   1              P5M0=0X00;P5M1=0X00;
 128   1              Timer0_Init();
 129   1              EX0=1;
 130   1              EX1=1;
 131   1      //      IE0=1;IE1=1;
 132   1      //      i=0;
 133   1      //      CD();
 134   1              while(1)
 135   1              {
 136   2      //              if((INT0 == 0)&(INT1 == 0) == 1)
 137   2      //              {
 138   2      //                      run_mode(1,1,1,1,250);
 139   2      //              }
 140   2      //              else if(INT0 == 0)
 141   2      //              {
 142   2      //                      run_mode(0,1,0,1,375);
 143   2      //              }
 144   2      //              else if(INT1 == 0)
 145   2      //              {
 146   2      //                      run_mode(1,0,1,0,375);
 147   2      //              }
 148   2                      
 149   2                      speed=5;
 150   2      
 151   2              }
 152   1      }
 153          
 154          void left() interrupt 0
 155          {
 156   1              if(INT0 == 1)run_mode(1,0,1,0);
 157   1              
 158   1      }
 159          
 160          void right() interrupt 2
 161          {
 162   1              if(INT1 == 1)run_mode(0,1,0,1);
 163   1      }
 164          
 165          void V4WD() interrupt 1
 166          {
 167   1              TL0 = 0xC0;                             //设置定时初始值
 168   1              TH0 = 0xE0;                             //设置定时初始值
 169   1              if(i<speed)
 170   1              {
 171   2                      m1_0=1;m1_1=0;
 172   2                      m2_0=1;m2_1=0;
 173   2                      m3_0=1;m3_1=0;
 174   2                      m4_0=1;m4_1=0;
 175   2              
 176   2              }
 177   1              else
 178   1              {       
 179   2                      m1_0=0;m1_1=0;
C51 COMPILER V9.01   MAIN                                                                  12/09/2023 15:07:54 PAGE 4   

 180   2                      m2_0=0;m2_1=0;
 181   2                      m3_0=0;m3_1=0;  
 182   2                      m4_0=0;m4_1=0;                  
 183   2              } 
 184   1              i++;
 185   1              if(i>9) i=0;            
 186   1      }
 187          


MODULE INFORMATION:   STATIC OVERLAYABLE
   CODE SIZE        =    300    ----
   CONSTANT SIZE    =   ----    ----
   XDATA SIZE       =   ----    ----
   PDATA SIZE       =   ----    ----
   DATA SIZE        =      2       4
   IDATA SIZE       =   ----    ----
   BIT SIZE         =   ----    ----
END OF MODULE INFORMATION.


C51 COMPILATION COMPLETE.  0 WARNING(S),  0 ERROR(S)
